# JRE version: OpenJDK Runtime Environment (8.0_152-b02) (build 1.8.0_152-release-1024-b02)
# Java VM: OpenJDK 64-Bit Server VM (25.152-b02 mixed mode windows-amd64 compressed oops)
Heap:
 PSYoungGen      total 66048K, used 66042K [0x00000000e0000000, 0x00000000e6c80000, 0x0000000100000000)
  eden space 48128K, 100% used [0x00000000e0000000,0x00000000e2f00000,0x00000000e2f00000)
  from space 17920K, 99% used [0x00000000e2f00000,0x00000000e407e888,0x00000000e4080000)
  to   space 23552K, 70% used [0x00000000e5580000,0x00000000e659ad18,0x00000000e6c80000)
 ParOldGen       total 120320K, used 25376K [0x00000000a0000000, 0x00000000a7580000, 0x00000000e0000000)
  object space 120320K, 21% used [0x00000000a0000000,0x00000000a18c81f8,0x00000000a7580000)
 Metaspace       used 47731K, capacity 48540K, committed 49024K, reserved 1091584K
  class space    used 5992K, capacity 6186K, committed 6272K, reserved 1048576K
GC Heap History (10 events):
Event: 9.566 GC heap before
{Heap before GC invocations=8 (full 2):
 PSYoungGen      total 38400K, used 29998K [0x00000000e0000000, 0x00000000e3800000, 0x0000000100000000)
  eden space 33280K, 74% used [0x00000000e0000000,0x00000000e18508f0,0x00000000e2080000)
  from space 5120K, 99% used [0x00000000e2080000,0x00000000e257b178,0x00000000e2580000)
  to   space 5120K, 0% used [0x00000000e3300000,0x00000000e3300000,0x00000000e3800000)
 ParOldGen       total 72192K, used 20059K [0x00000000a0000000, 0x00000000a4680000, 0x00000000e0000000)
  object space 72192K, 27% used [0x00000000a0000000,0x00000000a1396f40,0x00000000a4680000)
 Metaspace       used 34712K, capacity 35192K, committed 35496K, reserved 1081344K
  class space    used 4440K, capacity 4580K, committed 4608K, reserved 1048576K
Event: 9.595 GC heap after
Heap after GC invocations=8 (full 2):
 PSYoungGen      total 41984K, used 5110K [0x00000000e0000000, 0x00000000e5100000, 0x0000000100000000)
  eden space 36864K, 0% used [0x00000000e0000000,0x00000000e0000000,0x00000000e2400000)
  from space 5120K, 99% used [0x00000000e3300000,0x00000000e37fdaa8,0x00000000e3800000)
  to   space 15360K, 0% used [0x00000000e2400000,0x00000000e2400000,0x00000000e3300000)
 ParOldGen       total 72192K, used 26207K [0x00000000a0000000, 0x00000000a4680000, 0x00000000e0000000)
  object space 72192K, 36% used [0x00000000a0000000,0x00000000a1997c58,0x00000000a4680000)
 Metaspace       used 34712K, capacity 35192K, committed 35496K, reserved 1081344K
  class space    used 4440K, capacity 4580K, committed 4608K, reserved 1048576K
}
Event: 9.595 GC heap before
{Heap before GC invocations=9 (full 3):
 PSYoungGen      total 41984K, used 5110K [0x00000000e0000000, 0x00000000e5100000, 0x0000000100000000)
  eden space 36864K, 0% used [0x00000000e0000000,0x00000000e0000000,0x00000000e2400000)
  from space 5120K, 99% used [0x00000000e3300000,0x00000000e37fdaa8,0x00000000e3800000)
  to   space 15360K, 0% used [0x00000000e2400000,0x00000000e2400000,0x00000000e3300000)
 ParOldGen       total 72192K, used 26207K [0x00000000a0000000, 0x00000000a4680000, 0x00000000e0000000)
  object space 72192K, 36% used [0x00000000a0000000,0x00000000a1997c58,0x00000000a4680000)
 Metaspace       used 34712K, capacity 35192K, committed 35496K, reserved 1081344K
  class space    used 4440K, capacity 4580K, committed 4608K, reserved 1048576K
Event: 9.740 GC heap after
Heap after GC invocations=9 (full 3):
 PSYoungGen      total 41984K, used 0K [0x00000000e0000000, 0x00000000e5100000, 0x0000000100000000)
  eden space 36864K, 0% used [0x00000000e0000000,0x00000000e0000000,0x00000000e2400000)
  from space 5120K, 0% used [0x00000000e3300000,0x00000000e3300000,0x00000000e3800000)
  to   space 15360K, 0% used [0x00000000e2400000,0x00000000e2400000,0x00000000e3300000)
 ParOldGen       total 120320K, used 16992K [0x00000000a0000000, 0x00000000a7580000, 0x00000000e0000000)
  object space 120320K, 14% used [0x00000000a0000000,0x00000000a10982f0,0x00000000a7580000)
 Metaspace       used 34712K, capacity 35192K, committed 35496K, reserved 1081344K
  class space    used 4440K, capacity 4580K, committed 4608K, reserved 1048576K
}
Event: 10.341 GC heap before
{Heap before GC invocations=10 (full 3):
 PSYoungGen      total 41984K, used 36864K [0x00000000e0000000, 0x00000000e5100000, 0x0000000100000000)
  eden space 36864K, 100% used [0x00000000e0000000,0x00000000e2400000,0x00000000e2400000)
  from space 5120K, 0% used [0x00000000e3300000,0x00000000e3300000,0x00000000e3800000)
  to   space 15360K, 0% used [0x00000000e2400000,0x00000000e2400000,0x00000000e3300000)
 ParOldGen       total 120320K, used 16992K [0x00000000a0000000, 0x00000000a7580000, 0x00000000e0000000)
  object space 120320K, 14% used [0x00000000a0000000,0x00000000a10982f0,0x00000000a7580000)
 Metaspace       used 36696K, capacity 37260K, committed 37544K, reserved 1081344K
  class space    used 4695K, capacity 4818K, committed 4864K, reserved 1048576K
Event: 10.355 GC heap after
Heap after GC invocations=10 (full 3):
 PSYoungGen      total 52224K, used 11238K [0x00000000e0000000, 0x00000000e5000000, 0x0000000100000000)
  eden space 36864K, 0% used [0x00000000e0000000,0x00000000e0000000,0x00000000e2400000)
  from space 15360K, 73% used [0x00000000e2400000,0x00000000e2ef98a8,0x00000000e3300000)
  to   space 15872K, 0% used [0x00000000e4080000,0x00000000e4080000,0x00000000e5000000)
 ParOldGen       total 120320K, used 17000K [0x00000000a0000000, 0x00000000a7580000, 0x00000000e0000000)
  object space 120320K, 14% used [0x00000000a0000000,0x00000000a109a2f0,0x00000000a7580000)
 Metaspace       used 36696K, capacity 37260K, committed 37544K, reserved 1081344K
  class space    used 4695K, capacity 4818K, committed 4864K, reserved 1048576K
}
Event: 11.510 GC heap before
{Heap before GC invocations=11 (full 3):
 PSYoungGen      total 52224K, used 48102K [0x00000000e0000000, 0x00000000e5000000, 0x0000000100000000)
  eden space 36864K, 100% used [0x00000000e0000000,0x00000000e2400000,0x00000000e2400000)
  from space 15360K, 73% used [0x00000000e2400000,0x00000000e2ef98a8,0x00000000e3300000)
  to   space 15872K, 0% used [0x00000000e4080000,0x00000000e4080000,0x00000000e5000000)
 ParOldGen       total 120320K, used 17000K [0x00000000a0000000, 0x00000000a7580000, 0x00000000e0000000)
  object space 120320K, 14% used [0x00000000a0000000,0x00000000a109a2f0,0x00000000a7580000)
 Metaspace       used 38319K, capacity 38944K, committed 39296K, reserved 1083392K
  class space    used 4815K, capacity 4960K, committed 4992K, reserved 1048576K
Event: 11.529 GC heap after
Heap after GC invocations=11 (full 3):
 PSYoungGen      total 64000K, used 15289K [0x00000000e0000000, 0x00000000e5380000, 0x0000000100000000)
  eden space 48128K, 0% used [0x00000000e0000000,0x00000000e0000000,0x00000000e2f00000)
  from space 15872K, 96% used [0x00000000e4080000,0x00000000e4f6e720,0x00000000e5000000)
  to   space 17920K, 0% used [0x00000000e2f00000,0x00000000e2f00000,0x00000000e4080000)
 ParOldGen       total 120320K, used 17008K [0x00000000a0000000, 0x00000000a7580000, 0x00000000e0000000)
  object space 120320K, 14% used [0x00000000a0000000,0x00000000a109c2f0,0x00000000a7580000)
 Metaspace       used 38319K, capacity 38944K, committed 39296K, reserved 1083392K
  class space    used 4815K, capacity 4960K, committed 4992K, reserved 1048576K
}
Event: 13.257 GC heap before
{Heap before GC invocations=12 (full 3):
 PSYoungGen      total 64000K, used 63417K [0x00000000e0000000, 0x00000000e5380000, 0x0000000100000000)
  eden space 48128K, 100% used [0x00000000e0000000,0x00000000e2f00000,0x00000000e2f00000)
  from space 15872K, 96% used [0x00000000e4080000,0x00000000e4f6e720,0x00000000e5000000)
  to   space 17920K, 0% used [0x00000000e2f00000,0x00000000e2f00000,0x00000000e4080000)
 ParOldGen       total 120320K, used 17008K [0x00000000a0000000, 0x00000000a7580000, 0x00000000e0000000)
  object space 120320K, 14% used [0x00000000a0000000,0x00000000a109c2f0,0x00000000a7580000)
 Metaspace       used 44738K, capacity 45452K, committed 45824K, reserved 1089536K
  class space    used 5733K, capacity 5888K, committed 5888K, reserved 1048576K
Event: 13.281 GC heap after
Heap after GC invocations=12 (full 3):
 PSYoungGen      total 66048K, used 17914K [0x00000000e0000000, 0x00000000e6c80000, 0x0000000100000000)
  eden space 48128K, 0% used [0x00000000e0000000,0x00000000e0000000,0x00000000e2f00000)
  from space 17920K, 99% used [0x00000000e2f00000,0x00000000e407e888,0x00000000e4080000)
  to   space 23552K, 0% used [0x00000000e5580000,0x00000000e5580000,0x00000000e6c80000)
 ParOldGen       total 120320K, used 25376K [0x00000000a0000000, 0x00000000a7580000, 0x00000000e0000000)
  object space 120320K, 21% used [0x00000000a0000000,0x00000000a18c81f8,0x00000000a7580000)
 Metaspace       used 44738K, capacity 45452K, committed 45824K, reserved 1089536K
  class space    used 5733K, capacity 5888K, committed 5888K, reserved 1048576K
}

