# JRE version: OpenJDK Runtime Environment (8.0_152-b02) (build 1.8.0_152-release-1024-b02)
# Java VM: OpenJDK 64-Bit Server VM (25.152-b02 mixed mode windows-amd64 compressed oops)
Heap:
 PSYoungGen      total 103424K, used 101408K [0x00000000e0000000, 0x00000000e9e80000, 0x0000000100000000)
  eden space 71680K, 100% used [0x00000000e0000000,0x00000000e4600000,0x00000000e4600000)
  from space 31744K, 93% used [0x00000000e4600000,0x00000000e63080e0,0x00000000e6500000)
  to   space 35840K, 10% used [0x00000000e7b80000,0x00000000e7f00670,0x00000000e9e80000)
 ParOldGen       total 101888K, used 46533K [0x00000000a0000000, 0x00000000a6380000, 0x00000000e0000000)
  object space 101888K, 45% used [0x00000000a0000000,0x00000000a2d71678,0x00000000a6380000)
 Metaspace       used 54103K, capacity 55137K, committed 55424K, reserved 1097728K
  class space    used 6432K, capacity 6700K, committed 6784K, reserved 1048576K
GC Heap History (10 events):
Event: 5.816 GC heap before
{Heap before GC invocations=7 (full 2):
 PSYoungGen      total 71680K, used 5100K [0x00000000e0000000, 0x00000000e7400000, 0x0000000100000000)
  eden space 66560K, 0% used [0x00000000e0000000,0x00000000e0000000,0x00000000e4100000)
  from space 5120K, 99% used [0x00000000e4100000,0x00000000e45fb178,0x00000000e4600000)
  to   space 15360K, 0% used [0x00000000e6500000,0x00000000e6500000,0x00000000e7400000)
 ParOldGen       total 57856K, used 20962K [0x00000000a0000000, 0x00000000a3880000, 0x00000000e0000000)
  object space 57856K, 36% used [0x00000000a0000000,0x00000000a1478b28,0x00000000a3880000)
 Metaspace       used 34589K, capacity 35098K, committed 35496K, reserved 1081344K
  class space    used 4371K, capacity 4523K, committed 4608K, reserved 1048576K
Event: 5.903 GC heap after
Heap after GC invocations=7 (full 2):
 PSYoungGen      total 71680K, used 0K [0x00000000e0000000, 0x00000000e7400000, 0x0000000100000000)
  eden space 66560K, 0% used [0x00000000e0000000,0x00000000e0000000,0x00000000e4100000)
  from space 5120K, 0% used [0x00000000e4100000,0x00000000e4100000,0x00000000e4600000)
  to   space 15360K, 0% used [0x00000000e6500000,0x00000000e6500000,0x00000000e7400000)
 ParOldGen       total 101888K, used 20720K [0x00000000a0000000, 0x00000000a6380000, 0x00000000e0000000)
  object space 101888K, 20% used [0x00000000a0000000,0x00000000a143c330,0x00000000a6380000)
 Metaspace       used 34589K, capacity 35098K, committed 35496K, reserved 1081344K
  class space    used 4371K, capacity 4523K, committed 4608K, reserved 1048576K
}
Event: 7.202 GC heap before
{Heap before GC invocations=8 (full 2):
 PSYoungGen      total 71680K, used 66560K [0x00000000e0000000, 0x00000000e7400000, 0x0000000100000000)
  eden space 66560K, 100% used [0x00000000e0000000,0x00000000e4100000,0x00000000e4100000)
  from space 5120K, 0% used [0x00000000e4100000,0x00000000e4100000,0x00000000e4600000)
  to   space 15360K, 0% used [0x00000000e6500000,0x00000000e6500000,0x00000000e7400000)
 ParOldGen       total 101888K, used 20720K [0x00000000a0000000, 0x00000000a6380000, 0x00000000e0000000)
  object space 101888K, 20% used [0x00000000a0000000,0x00000000a143c330,0x00000000a6380000)
 Metaspace       used 39833K, capacity 40434K, committed 41088K, reserved 1085440K
  class space    used 4990K, capacity 5159K, committed 5248K, reserved 1048576K
Event: 7.230 GC heap after
Heap after GC invocations=8 (full 2):
 PSYoungGen      total 101376K, used 14716K [0x00000000e0000000, 0x00000000e7f80000, 0x0000000100000000)
  eden space 86016K, 0% used [0x00000000e0000000,0x00000000e0000000,0x00000000e5400000)
  from space 15360K, 95% used [0x00000000e6500000,0x00000000e735f0f8,0x00000000e7400000)
  to   space 17408K, 0% used [0x00000000e5400000,0x00000000e5400000,0x00000000e6500000)
 ParOldGen       total 101888K, used 20728K [0x00000000a0000000, 0x00000000a6380000, 0x00000000e0000000)
  object space 101888K, 20% used [0x00000000a0000000,0x00000000a143e330,0x00000000a6380000)
 Metaspace       used 39833K, capacity 40434K, committed 41088K, reserved 1085440K
  class space    used 4990K, capacity 5159K, committed 5248K, reserved 1048576K
}
Event: 9.873 GC heap before
{Heap before GC invocations=9 (full 2):
 PSYoungGen      total 101376K, used 100732K [0x00000000e0000000, 0x00000000e7f80000, 0x0000000100000000)
  eden space 86016K, 100% used [0x00000000e0000000,0x00000000e5400000,0x00000000e5400000)
  from space 15360K, 95% used [0x00000000e6500000,0x00000000e735f0f8,0x00000000e7400000)
  to   space 17408K, 0% used [0x00000000e5400000,0x00000000e5400000,0x00000000e6500000)
 ParOldGen       total 101888K, used 20728K [0x00000000a0000000, 0x00000000a6380000, 0x00000000e0000000)
  object space 101888K, 20% used [0x00000000a0000000,0x00000000a143e330,0x00000000a6380000)
 Metaspace       used 47609K, capacity 48369K, committed 48896K, reserved 1091584K
  class space    used 5877K, capacity 6098K, committed 6144K, reserved 1048576K
Event: 9.899 GC heap after
Heap after GC invocations=9 (full 2):
 PSYoungGen      total 103424K, used 17395K [0x00000000e0000000, 0x00000000e7f80000, 0x0000000100000000)
  eden space 86016K, 0% used [0x00000000e0000000,0x00000000e0000000,0x00000000e5400000)
  from space 17408K, 99% used [0x00000000e5400000,0x00000000e64fcd90,0x00000000e6500000)
  to   space 15360K, 0% used [0x00000000e6500000,0x00000000e6500000,0x00000000e7400000)
 ParOldGen       total 101888K, used 29218K [0x00000000a0000000, 0x00000000a6380000, 0x00000000e0000000)
  object space 101888K, 28% used [0x00000000a0000000,0x00000000a1c88a70,0x00000000a6380000)
 Metaspace       used 47609K, capacity 48369K, committed 48896K, reserved 1091584K
  class space    used 5877K, capacity 6098K, committed 6144K, reserved 1048576K
}
Event: 386.411 GC heap before
{Heap before GC invocations=10 (full 2):
 PSYoungGen      total 103424K, used 103411K [0x00000000e0000000, 0x00000000e7f80000, 0x0000000100000000)
  eden space 86016K, 100% used [0x00000000e0000000,0x00000000e5400000,0x00000000e5400000)
  from space 17408K, 99% used [0x00000000e5400000,0x00000000e64fcd90,0x00000000e6500000)
  to   space 15360K, 0% used [0x00000000e6500000,0x00000000e6500000,0x00000000e7400000)
 ParOldGen       total 101888K, used 29218K [0x00000000a0000000, 0x00000000a6380000, 0x00000000e0000000)
  object space 101888K, 28% used [0x00000000a0000000,0x00000000a1c88a70,0x00000000a6380000)
 Metaspace       used 52566K, capacity 53501K, committed 54016K, reserved 1097728K
  class space    used 6371K, capacity 6582K, committed 6656K, reserved 1048576K
Event: 386.449 GC heap after
Heap after GC invocations=10 (full 2):
 PSYoungGen      total 87040K, used 15354K [0x00000000e0000000, 0x00000000eae80000, 0x0000000100000000)
  eden space 71680K, 0% used [0x00000000e0000000,0x00000000e0000000,0x00000000e4600000)
  from space 15360K, 99% used [0x00000000e6500000,0x00000000e73febe8,0x00000000e7400000)
  to   space 31744K, 0% used [0x00000000e4600000,0x00000000e4600000,0x00000000e6500000)
 ParOldGen       total 101888K, used 46533K [0x00000000a0000000, 0x00000000a6380000, 0x00000000e0000000)
  object space 101888K, 45% used [0x00000000a0000000,0x00000000a2d71678,0x00000000a6380000)
 Metaspace       used 52566K, capacity 53501K, committed 54016K, reserved 1097728K
  class space    used 6371K, capacity 6582K, committed 6656K, reserved 1048576K
}
Event: 387.649 GC heap before
{Heap before GC invocations=11 (full 2):
 PSYoungGen      total 87040K, used 87034K [0x00000000e0000000, 0x00000000eae80000, 0x0000000100000000)
  eden space 71680K, 100% used [0x00000000e0000000,0x00000000e4600000,0x00000000e4600000)
  from space 15360K, 99% used [0x00000000e6500000,0x00000000e73febe8,0x00000000e7400000)
  to   space 31744K, 0% used [0x00000000e4600000,0x00000000e4600000,0x00000000e6500000)
 ParOldGen       total 101888K, used 46533K [0x00000000a0000000, 0x00000000a6380000, 0x00000000e0000000)
  object space 101888K, 45% used [0x00000000a0000000,0x00000000a2d71678,0x00000000a6380000)
 Metaspace       used 53265K, capacity 54155K, committed 54528K, reserved 1097728K
  class space    used 6383K, capacity 6591K, committed 6656K, reserved 1048576K
Event: 387.690 GC heap after
Heap after GC invocations=11 (full 2):
 PSYoungGen      total 103424K, used 29728K [0x00000000e0000000, 0x00000000e9e80000, 0x0000000100000000)
  eden space 71680K, 0% used [0x00000000e0000000,0x00000000e0000000,0x00000000e4600000)
  from space 31744K, 93% used [0x00000000e4600000,0x00000000e63080e0,0x00000000e6500000)
  to   space 35840K, 0% used [0x00000000e7b80000,0x00000000e7b80000,0x00000000e9e80000)
 ParOldGen       total 101888K, used 46533K [0x00000000a0000000, 0x00000000a6380000, 0x00000000e0000000)
  object space 101888K, 45% used [0x00000000a0000000,0x00000000a2d71678,0x00000000a6380000)
 Metaspace       used 53265K, capacity 54155K, committed 54528K, reserved 1097728K
  class space    used 6383K, capacity 6591K, committed 6656K, reserved 1048576K
}

