# JRE version: OpenJDK Runtime Environment (8.0_152-b02) (build 1.8.0_152-release-1024-b02)
# Java VM: OpenJDK 64-Bit Server VM (25.152-b02 mixed mode windows-amd64 compressed oops)
Heap:
 PSYoungGen      total 180736K, used 32876K [0x00000000e0000000, 0x00000000ed580000, 0x0000000100000000)
  eden space 167936K, 19% used [0x00000000e0000000,0x00000000e201b128,0x00000000ea400000)
  from space 12800K, 0% used [0x00000000eb280000,0x00000000eb280000,0x00000000ebf00000)
  to   space 14848K, 0% used [0x00000000ea400000,0x00000000ea400000,0x00000000eb280000)
 ParOldGen       total 93696K, used 33892K [0x00000000a0000000, 0x00000000a5b80000, 0x00000000e0000000)
  object space 93696K, 36% used [0x00000000a0000000,0x00000000a21192b8,0x00000000a5b80000)
 Metaspace       used 59090K, capacity 60748K, committed 61016K, reserved 1101824K
  class space    used 8096K, capacity 8511K, committed 8576K, reserved 1048576K
GC Heap History (10 events):
Event: 8.419 GC heap before
{Heap before GC invocations=9 (full 2):
 PSYoungGen      total 140800K, used 10226K [0x00000000e0000000, 0x00000000ebf00000, 0x0000000100000000)
  eden space 130560K, 0% used [0x00000000e0000000,0x00000000e0000000,0x00000000e7f80000)
  from space 10240K, 99% used [0x00000000e7f80000,0x00000000e897c938,0x00000000e8980000)
  to   space 12800K, 0% used [0x00000000eb280000,0x00000000eb280000,0x00000000ebf00000)
 ParOldGen       total 57344K, used 10773K [0x00000000a0000000, 0x00000000a3800000, 0x00000000e0000000)
  object space 57344K, 18% used [0x00000000a0000000,0x00000000a0a85708,0x00000000a3800000)
 Metaspace       used 34749K, capacity 35260K, committed 35416K, reserved 1079296K
  class space    used 4780K, capacity 4972K, committed 4992K, reserved 1048576K
Event: 8.540 GC heap after
Heap after GC invocations=9 (full 2):
 PSYoungGen      total 140800K, used 0K [0x00000000e0000000, 0x00000000ebf00000, 0x0000000100000000)
  eden space 130560K, 0% used [0x00000000e0000000,0x00000000e0000000,0x00000000e7f80000)
  from space 10240K, 0% used [0x00000000e7f80000,0x00000000e7f80000,0x00000000e8980000)
  to   space 12800K, 0% used [0x00000000eb280000,0x00000000eb280000,0x00000000ebf00000)
 ParOldGen       total 93696K, used 19356K [0x00000000a0000000, 0x00000000a5b80000, 0x00000000e0000000)
  object space 93696K, 20% used [0x00000000a0000000,0x00000000a12e70b0,0x00000000a5b80000)
 Metaspace       used 34749K, capacity 35260K, committed 35416K, reserved 1079296K
  class space    used 4780K, capacity 4972K, committed 4992K, reserved 1048576K
}
Event: 11.419 GC heap before
{Heap before GC invocations=10 (full 2):
 PSYoungGen      total 140800K, used 130560K [0x00000000e0000000, 0x00000000ebf00000, 0x0000000100000000)
  eden space 130560K, 100% used [0x00000000e0000000,0x00000000e7f80000,0x00000000e7f80000)
  from space 10240K, 0% used [0x00000000e7f80000,0x00000000e7f80000,0x00000000e8980000)
  to   space 12800K, 0% used [0x00000000eb280000,0x00000000eb280000,0x00000000ebf00000)
 ParOldGen       total 93696K, used 19356K [0x00000000a0000000, 0x00000000a5b80000, 0x00000000e0000000)
  object space 93696K, 20% used [0x00000000a0000000,0x00000000a12e70b0,0x00000000a5b80000)
 Metaspace       used 42979K, capacity 43878K, committed 44120K, reserved 1087488K
  class space    used 5878K, capacity 6162K, committed 6272K, reserved 1048576K
Event: 11.458 GC heap after
Heap after GC invocations=10 (full 2):
 PSYoungGen      total 180736K, used 12785K [0x00000000e0000000, 0x00000000ed580000, 0x0000000100000000)
  eden space 167936K, 0% used [0x00000000e0000000,0x00000000e0000000,0x00000000ea400000)
  from space 12800K, 99% used [0x00000000eb280000,0x00000000ebefc588,0x00000000ebf00000)
  to   space 14848K, 0% used [0x00000000ea400000,0x00000000ea400000,0x00000000eb280000)
 ParOldGen       total 93696K, used 20667K [0x00000000a0000000, 0x00000000a5b80000, 0x00000000e0000000)
  object space 93696K, 22% used [0x00000000a0000000,0x00000000a142ec40,0x00000000a5b80000)
 Metaspace       used 42979K, capacity 43878K, committed 44120K, reserved 1087488K
  class space    used 5878K, capacity 6162K, committed 6272K, reserved 1048576K
}
Event: 16.017 GC heap before
{Heap before GC invocations=11 (full 2):
 PSYoungGen      total 180736K, used 180721K [0x00000000e0000000, 0x00000000ed580000, 0x0000000100000000)
  eden space 167936K, 100% used [0x00000000e0000000,0x00000000ea400000,0x00000000ea400000)
  from space 12800K, 99% used [0x00000000eb280000,0x00000000ebefc588,0x00000000ebf00000)
  to   space 14848K, 0% used [0x00000000ea400000,0x00000000ea400000,0x00000000eb280000)
 ParOldGen       total 93696K, used 20667K [0x00000000a0000000, 0x00000000a5b80000, 0x00000000e0000000)
  object space 93696K, 22% used [0x00000000a0000000,0x00000000a142ec40,0x00000000a5b80000)
 Metaspace       used 55453K, capacity 57042K, committed 57176K, reserved 1097728K
  class space    used 7582K, capacity 8016K, committed 8064K, reserved 1048576K
Event: 16.052 GC heap after
Heap after GC invocations=11 (full 2):
 PSYoungGen      total 182784K, used 14829K [0x00000000e0000000, 0x00000000ed580000, 0x0000000100000000)
  eden space 167936K, 0% used [0x00000000e0000000,0x00000000e0000000,0x00000000ea400000)
  from space 14848K, 99% used [0x00000000ea400000,0x00000000eb27b510,0x00000000eb280000)
  to   space 12800K, 0% used [0x00000000eb280000,0x00000000eb280000,0x00000000ebf00000)
 ParOldGen       total 93696K, used 30414K [0x00000000a0000000, 0x00000000a5b80000, 0x00000000e0000000)
  object space 93696K, 32% used [0x00000000a0000000,0x00000000a1db3bb0,0x00000000a5b80000)
 Metaspace       used 55453K, capacity 57042K, committed 57176K, reserved 1097728K
  class space    used 7582K, capacity 8016K, committed 8064K, reserved 1048576K
}
Event: 16.332 GC heap before
{Heap before GC invocations=12 (full 2):
 PSYoungGen      total 182784K, used 44400K [0x00000000e0000000, 0x00000000ed580000, 0x0000000100000000)
  eden space 167936K, 17% used [0x00000000e0000000,0x00000000e1ce0eb8,0x00000000ea400000)
  from space 14848K, 99% used [0x00000000ea400000,0x00000000eb27b510,0x00000000eb280000)
  to   space 12800K, 0% used [0x00000000eb280000,0x00000000eb280000,0x00000000ebf00000)
 ParOldGen       total 93696K, used 30414K [0x00000000a0000000, 0x00000000a5b80000, 0x00000000e0000000)
  object space 93696K, 32% used [0x00000000a0000000,0x00000000a1db3bb0,0x00000000a5b80000)
 Metaspace       used 57327K, capacity 58898K, committed 58968K, reserved 1099776K
  class space    used 7851K, capacity 8272K, committed 8320K, reserved 1048576K
Event: 16.352 GC heap after
Heap after GC invocations=12 (full 2):
 PSYoungGen      total 180736K, used 11800K [0x00000000e0000000, 0x00000000ed580000, 0x0000000100000000)
  eden space 167936K, 0% used [0x00000000e0000000,0x00000000e0000000,0x00000000ea400000)
  from space 12800K, 92% used [0x00000000eb280000,0x00000000ebe06178,0x00000000ebf00000)
  to   space 14848K, 0% used [0x00000000ea400000,0x00000000ea400000,0x00000000eb280000)
 ParOldGen       total 93696K, used 36937K [0x00000000a0000000, 0x00000000a5b80000, 0x00000000e0000000)
  object space 93696K, 39% used [0x00000000a0000000,0x00000000a24126e0,0x00000000a5b80000)
 Metaspace       used 57327K, capacity 58898K, committed 58968K, reserved 1099776K
  class space    used 7851K, capacity 8272K, committed 8320K, reserved 1048576K
}
Event: 16.352 GC heap before
{Heap before GC invocations=13 (full 3):
 PSYoungGen      total 180736K, used 11800K [0x00000000e0000000, 0x00000000ed580000, 0x0000000100000000)
  eden space 167936K, 0% used [0x00000000e0000000,0x00000000e0000000,0x00000000ea400000)
  from space 12800K, 92% used [0x00000000eb280000,0x00000000ebe06178,0x00000000ebf00000)
  to   space 14848K, 0% used [0x00000000ea400000,0x00000000ea400000,0x00000000eb280000)
 ParOldGen       total 93696K, used 36937K [0x00000000a0000000, 0x00000000a5b80000, 0x00000000e0000000)
  object space 93696K, 39% used [0x00000000a0000000,0x00000000a24126e0,0x00000000a5b80000)
 Metaspace       used 57327K, capacity 58898K, committed 58968K, reserved 1099776K
  class space    used 7851K, capacity 8272K, committed 8320K, reserved 1048576K
Event: 16.591 GC heap after
Heap after GC invocations=13 (full 3):
 PSYoungGen      total 180736K, used 0K [0x00000000e0000000, 0x00000000ed580000, 0x0000000100000000)
  eden space 167936K, 0% used [0x00000000e0000000,0x00000000e0000000,0x00000000ea400000)
  from space 12800K, 0% used [0x00000000eb280000,0x00000000eb280000,0x00000000ebf00000)
  to   space 14848K, 0% used [0x00000000ea400000,0x00000000ea400000,0x00000000eb280000)
 ParOldGen       total 93696K, used 33892K [0x00000000a0000000, 0x00000000a5b80000, 0x00000000e0000000)
  object space 93696K, 36% used [0x00000000a0000000,0x00000000a21192b8,0x00000000a5b80000)
 Metaspace       used 57327K, capacity 58898K, committed 58968K, reserved 1099776K
  class space    used 7851K, capacity 8272K, committed 8320K, reserved 1048576K
}

