# JRE version: OpenJDK Runtime Environment (8.0_152-b02) (build 1.8.0_152-release-1024-b02)
# Java VM: OpenJDK 64-Bit Server VM (25.152-b02 mixed mode windows-amd64 compressed oops)
Heap:
 PSYoungGen      total 226304K, used 77067K [0x00000000e0000000, 0x00000000f0500000, 0x0000000100000000)
  eden space 215040K, 30% used [0x00000000e0000000,0x00000000e4085180,0x00000000ed200000)
  from space 11264K, 97% used [0x00000000ed980000,0x00000000ee43dde0,0x00000000ee480000)
  to   space 26112K, 0% used [0x00000000eeb80000,0x00000000eeb80000,0x00000000f0500000)
 ParOldGen       total 153088K, used 45940K [0x00000000a0000000, 0x00000000a9580000, 0x00000000e0000000)
  object space 153088K, 30% used [0x00000000a0000000,0x00000000a2cdd0b0,0x00000000a9580000)
 Metaspace       used 74430K, capacity 77826K, committed 78080K, reserved 1116160K
  class space    used 9900K, capacity 10671K, committed 10752K, reserved 1048576K
GC Heap History (10 events):
Event: 14.012 GC heap before
{Heap before GC invocations=12 (full 2):
 PSYoungGen      total 174592K, used 133856K [0x00000000e0000000, 0x00000000eeb80000, 0x0000000100000000)
  eden space 158720K, 74% used [0x00000000e0000000,0x00000000e733ce58,0x00000000e9b00000)
  from space 15872K, 99% used [0x00000000e9b00000,0x00000000eaa7b530,0x00000000eaa80000)
  to   space 20992K, 0% used [0x00000000ed700000,0x00000000ed700000,0x00000000eeb80000)
 ParOldGen       total 97280K, used 30440K [0x00000000a0000000, 0x00000000a5f00000, 0x00000000e0000000)
  object space 97280K, 31% used [0x00000000a0000000,0x00000000a1dba130,0x00000000a5f00000)
 Metaspace       used 57057K, capacity 58792K, committed 59008K, reserved 1099776K
  class space    used 7859K, capacity 8316K, committed 8320K, reserved 1048576K
Event: 14.045 GC heap after
Heap after GC invocations=12 (full 2):
 PSYoungGen      total 214016K, used 20960K [0x00000000e0000000, 0x00000000ef700000, 0x0000000100000000)
  eden space 193024K, 0% used [0x00000000e0000000,0x00000000e0000000,0x00000000ebc80000)
  from space 20992K, 99% used [0x00000000ed700000,0x00000000eeb78230,0x00000000eeb80000)
  to   space 27136K, 0% used [0x00000000ebc80000,0x00000000ebc80000,0x00000000ed700000)
 ParOldGen       total 97280K, used 38543K [0x00000000a0000000, 0x00000000a5f00000, 0x00000000e0000000)
  object space 97280K, 39% used [0x00000000a0000000,0x00000000a25a3ff8,0x00000000a5f00000)
 Metaspace       used 57057K, capacity 58792K, committed 59008K, reserved 1099776K
  class space    used 7859K, capacity 8316K, committed 8320K, reserved 1048576K
}
Event: 14.045 GC heap before
{Heap before GC invocations=13 (full 3):
 PSYoungGen      total 214016K, used 20960K [0x00000000e0000000, 0x00000000ef700000, 0x0000000100000000)
  eden space 193024K, 0% used [0x00000000e0000000,0x00000000e0000000,0x00000000ebc80000)
  from space 20992K, 99% used [0x00000000ed700000,0x00000000eeb78230,0x00000000eeb80000)
  to   space 27136K, 0% used [0x00000000ebc80000,0x00000000ebc80000,0x00000000ed700000)
 ParOldGen       total 97280K, used 38543K [0x00000000a0000000, 0x00000000a5f00000, 0x00000000e0000000)
  object space 97280K, 39% used [0x00000000a0000000,0x00000000a25a3ff8,0x00000000a5f00000)
 Metaspace       used 57057K, capacity 58792K, committed 59008K, reserved 1099776K
  class space    used 7859K, capacity 8316K, committed 8320K, reserved 1048576K
Event: 14.320 GC heap after
Heap after GC invocations=13 (full 3):
 PSYoungGen      total 214016K, used 0K [0x00000000e0000000, 0x00000000ef700000, 0x0000000100000000)
  eden space 193024K, 0% used [0x00000000e0000000,0x00000000e0000000,0x00000000ebc80000)
  from space 20992K, 0% used [0x00000000ed700000,0x00000000ed700000,0x00000000eeb80000)
  to   space 27136K, 0% used [0x00000000ebc80000,0x00000000ebc80000,0x00000000ed700000)
 ParOldGen       total 153088K, used 45916K [0x00000000a0000000, 0x00000000a9580000, 0x00000000e0000000)
  object space 153088K, 29% used [0x00000000a0000000,0x00000000a2cd70b0,0x00000000a9580000)
 Metaspace       used 57057K, capacity 58792K, committed 59008K, reserved 1099776K
  class space    used 7859K, capacity 8316K, committed 8320K, reserved 1048576K
}
Event: 30.473 GC heap before
{Heap before GC invocations=14 (full 3):
 PSYoungGen      total 214016K, used 193024K [0x00000000e0000000, 0x00000000ef700000, 0x0000000100000000)
  eden space 193024K, 100% used [0x00000000e0000000,0x00000000ebc80000,0x00000000ebc80000)
  from space 20992K, 0% used [0x00000000ed700000,0x00000000ed700000,0x00000000eeb80000)
  to   space 27136K, 0% used [0x00000000ebc80000,0x00000000ebc80000,0x00000000ed700000)
 ParOldGen       total 153088K, used 45916K [0x00000000a0000000, 0x00000000a9580000, 0x00000000e0000000)
  object space 153088K, 29% used [0x00000000a0000000,0x00000000a2cd70b0,0x00000000a9580000)
 Metaspace       used 67291K, capacity 69772K, committed 69888K, reserved 1110016K
  class space    used 9081K, capacity 9690K, committed 9728K, reserved 1048576K
Event: 30.495 GC heap after
Heap after GC invocations=14 (full 3):
 PSYoungGen      total 220160K, used 20083K [0x00000000e0000000, 0x00000000f1800000, 0x0000000100000000)
  eden space 193024K, 0% used [0x00000000e0000000,0x00000000e0000000,0x00000000ebc80000)
  from space 27136K, 74% used [0x00000000ebc80000,0x00000000ed01cdb8,0x00000000ed700000)
  to   space 28672K, 0% used [0x00000000efc00000,0x00000000efc00000,0x00000000f1800000)
 ParOldGen       total 153088K, used 45924K [0x00000000a0000000, 0x00000000a9580000, 0x00000000e0000000)
  object space 153088K, 29% used [0x00000000a0000000,0x00000000a2cd90b0,0x00000000a9580000)
 Metaspace       used 67291K, capacity 69772K, committed 69888K, reserved 1110016K
  class space    used 9081K, capacity 9690K, committed 9728K, reserved 1048576K
}
Event: 892.220 GC heap before
{Heap before GC invocations=15 (full 3):
 PSYoungGen      total 220160K, used 213107K [0x00000000e0000000, 0x00000000f1800000, 0x0000000100000000)
  eden space 193024K, 100% used [0x00000000e0000000,0x00000000ebc80000,0x00000000ebc80000)
  from space 27136K, 74% used [0x00000000ebc80000,0x00000000ed01cdb8,0x00000000ed700000)
  to   space 28672K, 0% used [0x00000000efc00000,0x00000000efc00000,0x00000000f1800000)
 ParOldGen       total 153088K, used 45924K [0x00000000a0000000, 0x00000000a9580000, 0x00000000e0000000)
  object space 153088K, 29% used [0x00000000a0000000,0x00000000a2cd90b0,0x00000000a9580000)
 Metaspace       used 71403K, capacity 74428K, committed 74624K, reserved 1114112K
  class space    used 9577K, capacity 10299K, committed 10368K, reserved 1048576K
Event: 892.266 GC heap after
Heap after GC invocations=15 (full 3):
 PSYoungGen      total 241664K, used 11750K [0x00000000e0000000, 0x00000000f0e80000, 0x0000000100000000)
  eden space 222720K, 0% used [0x00000000e0000000,0x00000000e0000000,0x00000000ed980000)
  from space 18944K, 62% used [0x00000000efc00000,0x00000000f0779b58,0x00000000f0e80000)
  to   space 27136K, 0% used [0x00000000ed980000,0x00000000ed980000,0x00000000ef400000)
 ParOldGen       total 153088K, used 45932K [0x00000000a0000000, 0x00000000a9580000, 0x00000000e0000000)
  object space 153088K, 30% used [0x00000000a0000000,0x00000000a2cdb0b0,0x00000000a9580000)
 Metaspace       used 71403K, capacity 74428K, committed 74624K, reserved 1114112K
  class space    used 9577K, capacity 10299K, committed 10368K, reserved 1048576K
}
Event: 1611.205 GC heap before
{Heap before GC invocations=16 (full 3):
 PSYoungGen      total 241664K, used 234470K [0x00000000e0000000, 0x00000000f0e80000, 0x0000000100000000)
  eden space 222720K, 100% used [0x00000000e0000000,0x00000000ed980000,0x00000000ed980000)
  from space 18944K, 62% used [0x00000000efc00000,0x00000000f0779b58,0x00000000f0e80000)
  to   space 27136K, 0% used [0x00000000ed980000,0x00000000ed980000,0x00000000ef400000)
 ParOldGen       total 153088K, used 45932K [0x00000000a0000000, 0x00000000a9580000, 0x00000000e0000000)
  object space 153088K, 30% used [0x00000000a0000000,0x00000000a2cdb0b0,0x00000000a9580000)
 Metaspace       used 72377K, capacity 75774K, committed 76032K, reserved 1114112K
  class space    used 9634K, capacity 10400K, committed 10496K, reserved 1048576K
Event: 1611.256 GC heap after
Heap after GC invocations=16 (full 3):
 PSYoungGen      total 226304K, used 10999K [0x00000000e0000000, 0x00000000f0500000, 0x0000000100000000)
  eden space 215040K, 0% used [0x00000000e0000000,0x00000000e0000000,0x00000000ed200000)
  from space 11264K, 97% used [0x00000000ed980000,0x00000000ee43dde0,0x00000000ee480000)
  to   space 26112K, 0% used [0x00000000eeb80000,0x00000000eeb80000,0x00000000f0500000)
 ParOldGen       total 153088K, used 45940K [0x00000000a0000000, 0x00000000a9580000, 0x00000000e0000000)
  object space 153088K, 30% used [0x00000000a0000000,0x00000000a2cdd0b0,0x00000000a9580000)
 Metaspace       used 72377K, capacity 75774K, committed 76032K, reserved 1114112K
  class space    used 9634K, capacity 10400K, committed 10496K, reserved 1048576K
}

