# JRE version: OpenJDK Runtime Environment (8.0_152-b02) (build 1.8.0_152-release-1024-b02)
# Java VM: OpenJDK 64-Bit Server VM (25.152-b02 mixed mode windows-amd64 compressed oops)
Heap:
 PSYoungGen      total 196608K, used 4391K [0x00000000e0000000, 0x00000000eef00000, 0x0000000100000000)
  eden space 151552K, 2% used [0x00000000e0000000,0x00000000e0449dc0,0x00000000e9400000)
  from space 45056K, 0% used [0x00000000ec100000,0x00000000ec100000,0x00000000eed00000)
  to   space 46080K, 0% used [0x00000000e9400000,0x00000000e9400000,0x00000000ec100000)
 ParOldGen       total 144384K, used 40800K [0x00000000a0000000, 0x00000000a8d00000, 0x00000000e0000000)
  object space 144384K, 28% used [0x00000000a0000000,0x00000000a27d83b0,0x00000000a8d00000)
 Metaspace       used 82359K, capacity 85264K, committed 87956K, reserved 1126400K
  class space    used 10308K, capacity 10918K, committed 11452K, reserved 1048576K
GC Heap History (10 events):
Event: 3247.947 GC heap before
{Heap before GC invocations=32 (full 3):
 PSYoungGen      total 205312K, used 193471K [0x00000000e0000000, 0x00000000ef700000, 0x0000000100000000)
  eden space 166912K, 100% used [0x00000000e0000000,0x00000000ea300000,0x00000000ea300000)
  from space 38400K, 69% used [0x00000000ed180000,0x00000000eeb6fdb0,0x00000000ef700000)
  to   space 43008K, 0% used [0x00000000ea300000,0x00000000ea300000,0x00000000ecd00000)
 ParOldGen       total 144384K, used 46952K [0x00000000a0000000, 0x00000000a8d00000, 0x00000000e0000000)
  object space 144384K, 32% used [0x00000000a0000000,0x00000000a2dda288,0x00000000a8d00000)
 Metaspace       used 81490K, capacity 84904K, committed 85012K, reserved 1124352K
  class space    used 10298K, capacity 11032K, committed 11068K, reserved 1048576K
Event: 3247.991 GC heap after
Heap after GC invocations=32 (full 3):
 PSYoungGen      total 189440K, used 27471K [0x00000000e0000000, 0x00000000ef400000, 0x0000000100000000)
  eden space 161792K, 0% used [0x00000000e0000000,0x00000000e0000000,0x00000000e9e00000)
  from space 27648K, 99% used [0x00000000ea300000,0x00000000ebdd3ea8,0x00000000ebe00000)
  to   space 44032K, 0% used [0x00000000ec900000,0x00000000ec900000,0x00000000ef400000)
 ParOldGen       total 144384K, used 46960K [0x00000000a0000000, 0x00000000a8d00000, 0x00000000e0000000)
  object space 144384K, 32% used [0x00000000a0000000,0x00000000a2ddc288,0x00000000a8d00000)
 Metaspace       used 81490K, capacity 84904K, committed 85012K, reserved 1124352K
  class space    used 10298K, capacity 11032K, committed 11068K, reserved 1048576K
}
Event: 5611.978 GC heap before
{Heap before GC invocations=33 (full 3):
 PSYoungGen      total 189440K, used 189263K [0x00000000e0000000, 0x00000000ef400000, 0x0000000100000000)
  eden space 161792K, 100% used [0x00000000e0000000,0x00000000e9e00000,0x00000000e9e00000)
  from space 27648K, 99% used [0x00000000ea300000,0x00000000ebdd3ea8,0x00000000ebe00000)
  to   space 44032K, 0% used [0x00000000ec900000,0x00000000ec900000,0x00000000ef400000)
 ParOldGen       total 144384K, used 46960K [0x00000000a0000000, 0x00000000a8d00000, 0x00000000e0000000)
  object space 144384K, 32% used [0x00000000a0000000,0x00000000a2ddc288,0x00000000a8d00000)
 Metaspace       used 81799K, capacity 85470K, committed 85652K, reserved 1124352K
  class space    used 10327K, capacity 11083K, committed 11196K, reserved 1048576K
Event: 5612.018 GC heap after
Heap after GC invocations=33 (full 3):
 PSYoungGen      total 195584K, used 25443K [0x00000000e0000000, 0x00000000eee80000, 0x0000000100000000)
  eden space 157184K, 0% used [0x00000000e0000000,0x00000000e0000000,0x00000000e9980000)
  from space 38400K, 66% used [0x00000000ec900000,0x00000000ee1d8d90,0x00000000eee80000)
  to   space 43520K, 0% used [0x00000000e9980000,0x00000000e9980000,0x00000000ec400000)
 ParOldGen       total 144384K, used 46968K [0x00000000a0000000, 0x00000000a8d00000, 0x00000000e0000000)
  object space 144384K, 32% used [0x00000000a0000000,0x00000000a2dde288,0x00000000a8d00000)
 Metaspace       used 81799K, capacity 85470K, committed 85652K, reserved 1124352K
  class space    used 10327K, capacity 11083K, committed 11196K, reserved 1048576K
}
Event: 6531.948 GC heap before
{Heap before GC invocations=34 (full 3):
 PSYoungGen      total 195584K, used 182627K [0x00000000e0000000, 0x00000000eee80000, 0x0000000100000000)
  eden space 157184K, 100% used [0x00000000e0000000,0x00000000e9980000,0x00000000e9980000)
  from space 38400K, 66% used [0x00000000ec900000,0x00000000ee1d8d90,0x00000000eee80000)
  to   space 43520K, 0% used [0x00000000e9980000,0x00000000e9980000,0x00000000ec400000)
 ParOldGen       total 144384K, used 46968K [0x00000000a0000000, 0x00000000a8d00000, 0x00000000e0000000)
  object space 144384K, 32% used [0x00000000a0000000,0x00000000a2dde288,0x00000000a8d00000)
 Metaspace       used 82405K, capacity 86250K, committed 86548K, reserved 1124352K
  class space    used 10417K, capacity 11211K, committed 11324K, reserved 1048576K
Event: 6531.985 GC heap after
Heap after GC invocations=34 (full 3):
 PSYoungGen      total 183808K, used 30851K [0x00000000e0000000, 0x00000000eed00000, 0x0000000100000000)
  eden space 152576K, 0% used [0x00000000e0000000,0x00000000e0000000,0x00000000e9500000)
  from space 31232K, 98% used [0x00000000e9980000,0x00000000eb7a0e30,0x00000000eb800000)
  to   space 45056K, 0% used [0x00000000ec100000,0x00000000ec100000,0x00000000eed00000)
 ParOldGen       total 144384K, used 46976K [0x00000000a0000000, 0x00000000a8d00000, 0x00000000e0000000)
  object space 144384K, 32% used [0x00000000a0000000,0x00000000a2de0288,0x00000000a8d00000)
 Metaspace       used 82405K, capacity 86250K, committed 86548K, reserved 1124352K
  class space    used 10417K, capacity 11211K, committed 11324K, reserved 1048576K
}
Event: 6537.953 GC heap before
{Heap before GC invocations=35 (full 3):
 PSYoungGen      total 183808K, used 59699K [0x00000000e0000000, 0x00000000eed00000, 0x0000000100000000)
  eden space 152576K, 18% used [0x00000000e0000000,0x00000000e1c2c008,0x00000000e9500000)
  from space 31232K, 98% used [0x00000000e9980000,0x00000000eb7a0e30,0x00000000eb800000)
  to   space 45056K, 0% used [0x00000000ec100000,0x00000000ec100000,0x00000000eed00000)
 ParOldGen       total 144384K, used 46976K [0x00000000a0000000, 0x00000000a8d00000, 0x00000000e0000000)
  object space 144384K, 32% used [0x00000000a0000000,0x00000000a2de0288,0x00000000a8d00000)
 Metaspace       used 83917K, capacity 87724K, committed 87956K, reserved 1126400K
  class space    used 10621K, capacity 11414K, committed 11452K, reserved 1048576K
Event: 6537.983 GC heap after
Heap after GC invocations=35 (full 3):
 PSYoungGen      total 196608K, used 29395K [0x00000000e0000000, 0x00000000eef00000, 0x0000000100000000)
  eden space 151552K, 0% used [0x00000000e0000000,0x00000000e0000000,0x00000000e9400000)
  from space 45056K, 65% used [0x00000000ec100000,0x00000000eddb4de0,0x00000000eed00000)
  to   space 46080K, 0% used [0x00000000e9400000,0x00000000e9400000,0x00000000ec100000)
 ParOldGen       total 144384K, used 46984K [0x00000000a0000000, 0x00000000a8d00000, 0x00000000e0000000)
  object space 144384K, 32% used [0x00000000a0000000,0x00000000a2de2288,0x00000000a8d00000)
 Metaspace       used 83917K, capacity 87724K, committed 87956K, reserved 1126400K
  class space    used 10621K, capacity 11414K, committed 11452K, reserved 1048576K
}
Event: 6537.983 GC heap before
{Heap before GC invocations=36 (full 4):
 PSYoungGen      total 196608K, used 29395K [0x00000000e0000000, 0x00000000eef00000, 0x0000000100000000)
  eden space 151552K, 0% used [0x00000000e0000000,0x00000000e0000000,0x00000000e9400000)
  from space 45056K, 65% used [0x00000000ec100000,0x00000000eddb4de0,0x00000000eed00000)
  to   space 46080K, 0% used [0x00000000e9400000,0x00000000e9400000,0x00000000ec100000)
 ParOldGen       total 144384K, used 46984K [0x00000000a0000000, 0x00000000a8d00000, 0x00000000e0000000)
  object space 144384K, 32% used [0x00000000a0000000,0x00000000a2de2288,0x00000000a8d00000)
 Metaspace       used 83917K, capacity 87724K, committed 87956K, reserved 1126400K
  class space    used 10621K, capacity 11414K, committed 11452K, reserved 1048576K
Event: 6538.351 GC heap after
Heap after GC invocations=36 (full 4):
 PSYoungGen      total 196608K, used 0K [0x00000000e0000000, 0x00000000eef00000, 0x0000000100000000)
  eden space 151552K, 0% used [0x00000000e0000000,0x00000000e0000000,0x00000000e9400000)
  from space 45056K, 0% used [0x00000000ec100000,0x00000000ec100000,0x00000000eed00000)
  to   space 46080K, 0% used [0x00000000e9400000,0x00000000e9400000,0x00000000ec100000)
 ParOldGen       total 144384K, used 40800K [0x00000000a0000000, 0x00000000a8d00000, 0x00000000e0000000)
  object space 144384K, 28% used [0x00000000a0000000,0x00000000a27d83b0,0x00000000a8d00000)
 Metaspace       used 82063K, capacity 84916K, committed 87956K, reserved 1126400K
  class space    used 10259K, capacity 10864K, committed 11452K, reserved 1048576K
}

