# JRE version: OpenJDK Runtime Environment (8.0_152-b02) (build 1.8.0_152-release-1024-b02)
# Java VM: OpenJDK 64-Bit Server VM (25.152-b02 mixed mode windows-amd64 compressed oops)
Heap:
 PSYoungGen      total 140800K, used 81425K [0x00000000e0000000, 0x00000000eaa00000, 0x0000000100000000)
  eden space 130560K, 62% used [0x00000000e0000000,0x00000000e4f847c0,0x00000000e7f80000)
  from space 10240K, 0% used [0x00000000e7f80000,0x00000000e7f80000,0x00000000e8980000)
  to   space 12800K, 0% used [0x00000000e9d80000,0x00000000e9d80000,0x00000000eaa00000)
 ParOldGen       total 98816K, used 19344K [0x00000000a0000000, 0x00000000a6080000, 0x00000000e0000000)
  object space 98816K, 19% used [0x00000000a0000000,0x00000000a12e4240,0x00000000a6080000)
 Metaspace       used 39097K, capacity 39866K, committed 40152K, reserved 1083392K
  class space    used 5330K, capacity 5581K, committed 5632K, reserved 1048576K
GC Heap History (10 events):
Event: 3.972 GC heap before
{Heap before GC invocations=5 (full 0):
 PSYoungGen      total 71680K, used 18345K [0x00000000e0000000, 0x00000000e4b00000, 0x0000000100000000)
  eden space 66560K, 19% used [0x00000000e0000000,0x00000000e0cf2400,0x00000000e4100000)
  from space 5120K, 99% used [0x00000000e4600000,0x00000000e4af8020,0x00000000e4b00000)
  to   space 5120K, 0% used [0x00000000e4100000,0x00000000e4100000,0x00000000e4600000)
 ParOldGen       total 87552K, used 5673K [0x00000000a0000000, 0x00000000a5580000, 0x00000000e0000000)
  object space 87552K, 6% used [0x00000000a0000000,0x00000000a058a4f0,0x00000000a5580000)
 Metaspace       used 20854K, capacity 21200K, committed 21248K, reserved 1067008K
  class space    used 2909K, capacity 3038K, committed 3072K, reserved 1048576K
Event: 3.981 GC heap after
Heap after GC invocations=5 (full 0):
 PSYoungGen      total 71680K, used 5092K [0x00000000e0000000, 0x00000000e9600000, 0x0000000100000000)
  eden space 66560K, 0% used [0x00000000e0000000,0x00000000e0000000,0x00000000e4100000)
  from space 5120K, 99% used [0x00000000e4100000,0x00000000e45f9050,0x00000000e4600000)
  to   space 10240K, 0% used [0x00000000e8c00000,0x00000000e8c00000,0x00000000e9600000)
 ParOldGen       total 87552K, used 8300K [0x00000000a0000000, 0x00000000a5580000, 0x00000000e0000000)
  object space 87552K, 9% used [0x00000000a0000000,0x00000000a081b258,0x00000000a5580000)
 Metaspace       used 20854K, capacity 21200K, committed 21248K, reserved 1067008K
  class space    used 2909K, capacity 3038K, committed 3072K, reserved 1048576K
}
Event: 3.981 GC heap before
{Heap before GC invocations=6 (full 1):
 PSYoungGen      total 71680K, used 5092K [0x00000000e0000000, 0x00000000e9600000, 0x0000000100000000)
  eden space 66560K, 0% used [0x00000000e0000000,0x00000000e0000000,0x00000000e4100000)
  from space 5120K, 99% used [0x00000000e4100000,0x00000000e45f9050,0x00000000e4600000)
  to   space 10240K, 0% used [0x00000000e8c00000,0x00000000e8c00000,0x00000000e9600000)
 ParOldGen       total 87552K, used 8300K [0x00000000a0000000, 0x00000000a5580000, 0x00000000e0000000)
  object space 87552K, 9% used [0x00000000a0000000,0x00000000a081b258,0x00000000a5580000)
 Metaspace       used 20854K, capacity 21200K, committed 21248K, reserved 1067008K
  class space    used 2909K, capacity 3038K, committed 3072K, reserved 1048576K
Event: 4.029 GC heap after
Heap after GC invocations=6 (full 1):
 PSYoungGen      total 71680K, used 0K [0x00000000e0000000, 0x00000000e9600000, 0x0000000100000000)
  eden space 66560K, 0% used [0x00000000e0000000,0x00000000e0000000,0x00000000e4100000)
  from space 5120K, 0% used [0x00000000e4100000,0x00000000e4100000,0x00000000e4600000)
  to   space 10240K, 0% used [0x00000000e8c00000,0x00000000e8c00000,0x00000000e9600000)
 ParOldGen       total 60416K, used 8041K [0x00000000a0000000, 0x00000000a3b00000, 0x00000000e0000000)
  object space 60416K, 13% used [0x00000000a0000000,0x00000000a07da6a8,0x00000000a3b00000)
 Metaspace       used 20854K, capacity 21200K, committed 21248K, reserved 1067008K
  class space    used 2909K, capacity 3038K, committed 3072K, reserved 1048576K
}
Event: 6.012 GC heap before
{Heap before GC invocations=7 (full 1):
 PSYoungGen      total 71680K, used 66560K [0x00000000e0000000, 0x00000000e9600000, 0x0000000100000000)
  eden space 66560K, 100% used [0x00000000e0000000,0x00000000e4100000,0x00000000e4100000)
  from space 5120K, 0% used [0x00000000e4100000,0x00000000e4100000,0x00000000e4600000)
  to   space 10240K, 0% used [0x00000000e8c00000,0x00000000e8c00000,0x00000000e9600000)
 ParOldGen       total 60416K, used 8041K [0x00000000a0000000, 0x00000000a3b00000, 0x00000000e0000000)
  object space 60416K, 13% used [0x00000000a0000000,0x00000000a07da6a8,0x00000000a3b00000)
 Metaspace       used 26576K, capacity 27066K, committed 27136K, reserved 1073152K
  class space    used 3663K, capacity 3831K, committed 3840K, reserved 1048576K
Event: 6.022 GC heap after
Heap after GC invocations=7 (full 1):
 PSYoungGen      total 109056K, used 7548K [0x00000000e0000000, 0x00000000e9380000, 0x0000000100000000)
  eden space 101376K, 0% used [0x00000000e0000000,0x00000000e0000000,0x00000000e6300000)
  from space 7680K, 98% used [0x00000000e8c00000,0x00000000e935f028,0x00000000e9380000)
  to   space 10240K, 0% used [0x00000000e7f80000,0x00000000e7f80000,0x00000000e8980000)
 ParOldGen       total 60416K, used 8049K [0x00000000a0000000, 0x00000000a3b00000, 0x00000000e0000000)
  object space 60416K, 13% used [0x00000000a0000000,0x00000000a07dc6a8,0x00000000a3b00000)
 Metaspace       used 26576K, capacity 27066K, committed 27136K, reserved 1073152K
  class space    used 3663K, capacity 3831K, committed 3840K, reserved 1048576K
}
Event: 11.510 GC heap before
{Heap before GC invocations=8 (full 1):
 PSYoungGen      total 109056K, used 98475K [0x00000000e0000000, 0x00000000e9380000, 0x0000000100000000)
  eden space 101376K, 89% used [0x00000000e0000000,0x00000000e58cbd70,0x00000000e6300000)
  from space 7680K, 98% used [0x00000000e8c00000,0x00000000e935f028,0x00000000e9380000)
  to   space 10240K, 0% used [0x00000000e7f80000,0x00000000e7f80000,0x00000000e8980000)
 ParOldGen       total 60416K, used 8049K [0x00000000a0000000, 0x00000000a3b00000, 0x00000000e0000000)
  object space 60416K, 13% used [0x00000000a0000000,0x00000000a07dc6a8,0x00000000a3b00000)
 Metaspace       used 34682K, capacity 35260K, committed 35416K, reserved 1079296K
  class space    used 4779K, capacity 4972K, committed 4992K, reserved 1048576K
Event: 11.524 GC heap after
Heap after GC invocations=8 (full 1):
 PSYoungGen      total 140800K, used 10238K [0x00000000e0000000, 0x00000000eaa00000, 0x0000000100000000)
  eden space 130560K, 0% used [0x00000000e0000000,0x00000000e0000000,0x00000000e7f80000)
  from space 10240K, 99% used [0x00000000e7f80000,0x00000000e897f908,0x00000000e8980000)
  to   space 12800K, 0% used [0x00000000e9d80000,0x00000000e9d80000,0x00000000eaa00000)
 ParOldGen       total 60416K, used 10746K [0x00000000a0000000, 0x00000000a3b00000, 0x00000000e0000000)
  object space 60416K, 17% used [0x00000000a0000000,0x00000000a0a7ebc0,0x00000000a3b00000)
 Metaspace       used 34682K, capacity 35260K, committed 35416K, reserved 1079296K
  class space    used 4779K, capacity 4972K, committed 4992K, reserved 1048576K
}
Event: 11.524 GC heap before
{Heap before GC invocations=9 (full 2):
 PSYoungGen      total 140800K, used 10238K [0x00000000e0000000, 0x00000000eaa00000, 0x0000000100000000)
  eden space 130560K, 0% used [0x00000000e0000000,0x00000000e0000000,0x00000000e7f80000)
  from space 10240K, 99% used [0x00000000e7f80000,0x00000000e897f908,0x00000000e8980000)
  to   space 12800K, 0% used [0x00000000e9d80000,0x00000000e9d80000,0x00000000eaa00000)
 ParOldGen       total 60416K, used 10746K [0x00000000a0000000, 0x00000000a3b00000, 0x00000000e0000000)
  object space 60416K, 17% used [0x00000000a0000000,0x00000000a0a7ebc0,0x00000000a3b00000)
 Metaspace       used 34682K, capacity 35260K, committed 35416K, reserved 1079296K
  class space    used 4779K, capacity 4972K, committed 4992K, reserved 1048576K
Event: 11.622 GC heap after
Heap after GC invocations=9 (full 2):
 PSYoungGen      total 140800K, used 0K [0x00000000e0000000, 0x00000000eaa00000, 0x0000000100000000)
  eden space 130560K, 0% used [0x00000000e0000000,0x00000000e0000000,0x00000000e7f80000)
  from space 10240K, 0% used [0x00000000e7f80000,0x00000000e7f80000,0x00000000e8980000)
  to   space 12800K, 0% used [0x00000000e9d80000,0x00000000e9d80000,0x00000000eaa00000)
 ParOldGen       total 98816K, used 19344K [0x00000000a0000000, 0x00000000a6080000, 0x00000000e0000000)
  object space 98816K, 19% used [0x00000000a0000000,0x00000000a12e4240,0x00000000a6080000)
 Metaspace       used 34682K, capacity 35260K, committed 35416K, reserved 1079296K
  class space    used 4779K, capacity 4972K, committed 4992K, reserved 1048576K
}

