# JRE version: OpenJDK Runtime Environment (8.0_152-b02) (build 1.8.0_152-release-1024-b02)
# Java VM: OpenJDK 64-Bit Server VM (25.152-b02 mixed mode windows-amd64 compressed oops)
Heap:
 PSYoungGen      total 143360K, used 107661K [0x00000000e0000000, 0x00000000ebd00000, 0x0000000100000000)
  eden space 130560K, 72% used [0x00000000e0000000,0x00000000e5ca3658,0x00000000e7f80000)
  from space 12800K, 99% used [0x00000000eb080000,0x00000000ebcfff10,0x00000000ebd00000)
  to   space 10240K, 0% used [0x00000000e7f80000,0x00000000e7f80000,0x00000000e8980000)
 ParOldGen       total 60416K, used 20628K [0x00000000a0000000, 0x00000000a3b00000, 0x00000000e0000000)
  object space 60416K, 34% used [0x00000000a0000000,0x00000000a14250b8,0x00000000a3b00000)
 Metaspace       used 51821K, capacity 53508K, committed 53592K, reserved 1095680K
  class space    used 7084K, capacity 7471K, committed 7552K, reserved 1048576K
GC Heap History (10 events):
Event: 4.309 GC heap before
{Heap before GC invocations=6 (full 1):
 PSYoungGen      total 71680K, used 5108K [0x00000000e0000000, 0x00000000e9600000, 0x0000000100000000)
  eden space 66560K, 0% used [0x00000000e0000000,0x00000000e0000000,0x00000000e4100000)
  from space 5120K, 99% used [0x00000000e4100000,0x00000000e45fd060,0x00000000e4600000)
  to   space 10240K, 0% used [0x00000000e8c00000,0x00000000e8c00000,0x00000000e9600000)
 ParOldGen       total 87552K, used 8339K [0x00000000a0000000, 0x00000000a5580000, 0x00000000e0000000)
  object space 87552K, 9% used [0x00000000a0000000,0x00000000a0824ff0,0x00000000a5580000)
 Metaspace       used 20862K, capacity 21200K, committed 21248K, reserved 1067008K
  class space    used 2908K, capacity 3038K, committed 3072K, reserved 1048576K
Event: 4.372 GC heap after
Heap after GC invocations=6 (full 1):
 PSYoungGen      total 71680K, used 0K [0x00000000e0000000, 0x00000000e9600000, 0x0000000100000000)
  eden space 66560K, 0% used [0x00000000e0000000,0x00000000e0000000,0x00000000e4100000)
  from space 5120K, 0% used [0x00000000e4100000,0x00000000e4100000,0x00000000e4600000)
  to   space 10240K, 0% used [0x00000000e8c00000,0x00000000e8c00000,0x00000000e9600000)
 ParOldGen       total 60416K, used 8044K [0x00000000a0000000, 0x00000000a3b00000, 0x00000000e0000000)
  object space 60416K, 13% used [0x00000000a0000000,0x00000000a07db0d8,0x00000000a3b00000)
 Metaspace       used 20862K, capacity 21200K, committed 21248K, reserved 1067008K
  class space    used 2908K, capacity 3038K, committed 3072K, reserved 1048576K
}
Event: 6.892 GC heap before
{Heap before GC invocations=7 (full 1):
 PSYoungGen      total 71680K, used 66560K [0x00000000e0000000, 0x00000000e9600000, 0x0000000100000000)
  eden space 66560K, 100% used [0x00000000e0000000,0x00000000e4100000,0x00000000e4100000)
  from space 5120K, 0% used [0x00000000e4100000,0x00000000e4100000,0x00000000e4600000)
  to   space 10240K, 0% used [0x00000000e8c00000,0x00000000e8c00000,0x00000000e9600000)
 ParOldGen       total 60416K, used 8044K [0x00000000a0000000, 0x00000000a3b00000, 0x00000000e0000000)
  object space 60416K, 13% used [0x00000000a0000000,0x00000000a07db0d8,0x00000000a3b00000)
 Metaspace       used 26627K, capacity 27136K, committed 27392K, reserved 1073152K
  class space    used 3669K, capacity 3833K, committed 3840K, reserved 1048576K
Event: 6.980 GC heap after
Heap after GC invocations=7 (full 1):
 PSYoungGen      total 115200K, used 7495K [0x00000000e0000000, 0x00000000e9380000, 0x0000000100000000)
  eden space 107520K, 0% used [0x00000000e0000000,0x00000000e0000000,0x00000000e6900000)
  from space 7680K, 97% used [0x00000000e8c00000,0x00000000e9351d30,0x00000000e9380000)
  to   space 10240K, 0% used [0x00000000e7f80000,0x00000000e7f80000,0x00000000e8980000)
 ParOldGen       total 60416K, used 8052K [0x00000000a0000000, 0x00000000a3b00000, 0x00000000e0000000)
  object space 60416K, 13% used [0x00000000a0000000,0x00000000a07dd0d8,0x00000000a3b00000)
 Metaspace       used 26627K, capacity 27136K, committed 27392K, reserved 1073152K
  class space    used 3669K, capacity 3833K, committed 3840K, reserved 1048576K
}
Event: 9.358 GC heap before
{Heap before GC invocations=8 (full 1):
 PSYoungGen      total 115200K, used 96541K [0x00000000e0000000, 0x00000000e9380000, 0x0000000100000000)
  eden space 107520K, 82% used [0x00000000e0000000,0x00000000e56f59d0,0x00000000e6900000)
  from space 7680K, 97% used [0x00000000e8c00000,0x00000000e9351d30,0x00000000e9380000)
  to   space 10240K, 0% used [0x00000000e7f80000,0x00000000e7f80000,0x00000000e8980000)
 ParOldGen       total 60416K, used 8052K [0x00000000a0000000, 0x00000000a3b00000, 0x00000000e0000000)
  object space 60416K, 13% used [0x00000000a0000000,0x00000000a07dd0d8,0x00000000a3b00000)
 Metaspace       used 34716K, capacity 35260K, committed 35416K, reserved 1079296K
  class space    used 4779K, capacity 4972K, committed 4992K, reserved 1048576K
Event: 9.372 GC heap after
Heap after GC invocations=8 (full 1):
 PSYoungGen      total 140800K, used 10218K [0x00000000e0000000, 0x00000000ebd00000, 0x0000000100000000)
  eden space 130560K, 0% used [0x00000000e0000000,0x00000000e0000000,0x00000000e7f80000)
  from space 10240K, 99% used [0x00000000e7f80000,0x00000000e897abf0,0x00000000e8980000)
  to   space 12800K, 0% used [0x00000000eb080000,0x00000000eb080000,0x00000000ebd00000)
 ParOldGen       total 60416K, used 10700K [0x00000000a0000000, 0x00000000a3b00000, 0x00000000e0000000)
  object space 60416K, 17% used [0x00000000a0000000,0x00000000a0a73120,0x00000000a3b00000)
 Metaspace       used 34716K, capacity 35260K, committed 35416K, reserved 1079296K
  class space    used 4779K, capacity 4972K, committed 4992K, reserved 1048576K
}
Event: 9.372 GC heap before
{Heap before GC invocations=9 (full 2):
 PSYoungGen      total 140800K, used 10218K [0x00000000e0000000, 0x00000000ebd00000, 0x0000000100000000)
  eden space 130560K, 0% used [0x00000000e0000000,0x00000000e0000000,0x00000000e7f80000)
  from space 10240K, 99% used [0x00000000e7f80000,0x00000000e897abf0,0x00000000e8980000)
  to   space 12800K, 0% used [0x00000000eb080000,0x00000000eb080000,0x00000000ebd00000)
 ParOldGen       total 60416K, used 10700K [0x00000000a0000000, 0x00000000a3b00000, 0x00000000e0000000)
  object space 60416K, 17% used [0x00000000a0000000,0x00000000a0a73120,0x00000000a3b00000)
 Metaspace       used 34716K, capacity 35260K, committed 35416K, reserved 1079296K
  class space    used 4779K, capacity 4972K, committed 4992K, reserved 1048576K
Event: 9.498 GC heap after
Heap after GC invocations=9 (full 2):
 PSYoungGen      total 140800K, used 0K [0x00000000e0000000, 0x00000000ebd00000, 0x0000000100000000)
  eden space 130560K, 0% used [0x00000000e0000000,0x00000000e0000000,0x00000000e7f80000)
  from space 10240K, 0% used [0x00000000e7f80000,0x00000000e7f80000,0x00000000e8980000)
  to   space 12800K, 0% used [0x00000000eb080000,0x00000000eb080000,0x00000000ebd00000)
 ParOldGen       total 60416K, used 19355K [0x00000000a0000000, 0x00000000a3b00000, 0x00000000e0000000)
  object space 60416K, 32% used [0x00000000a0000000,0x00000000a12e6ff0,0x00000000a3b00000)
 Metaspace       used 34716K, capacity 35260K, committed 35416K, reserved 1079296K
  class space    used 4779K, capacity 4972K, committed 4992K, reserved 1048576K
}
Event: 12.292 GC heap before
{Heap before GC invocations=10 (full 2):
 PSYoungGen      total 140800K, used 130560K [0x00000000e0000000, 0x00000000ebd00000, 0x0000000100000000)
  eden space 130560K, 100% used [0x00000000e0000000,0x00000000e7f80000,0x00000000e7f80000)
  from space 10240K, 0% used [0x00000000e7f80000,0x00000000e7f80000,0x00000000e8980000)
  to   space 12800K, 0% used [0x00000000eb080000,0x00000000eb080000,0x00000000ebd00000)
 ParOldGen       total 60416K, used 19355K [0x00000000a0000000, 0x00000000a3b00000, 0x00000000e0000000)
  object space 60416K, 32% used [0x00000000a0000000,0x00000000a12e6ff0,0x00000000a3b00000)
 Metaspace       used 42969K, capacity 43782K, committed 43992K, reserved 1087488K
  class space    used 5873K, capacity 6130K, committed 6144K, reserved 1048576K
Event: 12.315 GC heap after
Heap after GC invocations=10 (full 2):
 PSYoungGen      total 143360K, used 12799K [0x00000000e0000000, 0x00000000ebd00000, 0x0000000100000000)
  eden space 130560K, 0% used [0x00000000e0000000,0x00000000e0000000,0x00000000e7f80000)
  from space 12800K, 99% used [0x00000000eb080000,0x00000000ebcfff10,0x00000000ebd00000)
  to   space 10240K, 0% used [0x00000000e7f80000,0x00000000e7f80000,0x00000000e8980000)
 ParOldGen       total 60416K, used 20628K [0x00000000a0000000, 0x00000000a3b00000, 0x00000000e0000000)
  object space 60416K, 34% used [0x00000000a0000000,0x00000000a14250b8,0x00000000a3b00000)
 Metaspace       used 42969K, capacity 43782K, committed 43992K, reserved 1087488K
  class space    used 5873K, capacity 6130K, committed 6144K, reserved 1048576K
}

